\BOOKMARK [0][-]{chapter*.1}{\315NDICE}{}% 1
\BOOKMARK [0][-]{chapter*.2}{\315NDICE DE FIGURAS}{}% 2
\BOOKMARK [0][-]{chapter*.3}{\315NDICE DE TABLAS}{}% 3
\BOOKMARK [0][-]{chapter.1}{El problema}{}% 4
\BOOKMARK [1][-]{section*.4}{Planteamiento del problema}{chapter.1}% 5
\BOOKMARK [1][-]{section*.5}{Objetivos de la investigaci\363n}{chapter.1}% 6
\BOOKMARK [2][-]{subsection*.6}{Objetivo general}{section*.5}% 7
\BOOKMARK [2][-]{subsection*.7}{Objetivos espec\355ficos}{section*.5}% 8
\BOOKMARK [1][-]{section*.8}{Justificaci\363n e importancia}{chapter.1}% 9
\BOOKMARK [1][-]{section*.9}{Alcance y limitaciones}{chapter.1}% 10
\BOOKMARK [0][-]{chapter.2}{Marco Te\363rico}{}% 11
\BOOKMARK [1][-]{section*.10}{Antecedentes}{chapter.2}% 12
\BOOKMARK [1][-]{section*.11}{Bases te\363ricas}{chapter.2}% 13
\BOOKMARK [2][-]{subsection*.12}{Procesos}{section*.11}% 14
\BOOKMARK [2][-]{subsection*.13}{Modelado de procesos en tiempo continuo}{section*.11}% 15
\BOOKMARK [2][-]{subsection*.16}{Modelado de procesos en tiempo discreto}{section*.11}% 16
\BOOKMARK [2][-]{subsection*.19}{Sistemas de control}{section*.11}% 17
\BOOKMARK [2][-]{subsection*.36}{L\363gica difusa}{section*.11}% 18
\BOOKMARK [2][-]{subsection*.48}{Python}{section*.11}% 19
\BOOKMARK [0][-]{chapter.3}{Marco metodol\363gico}{}% 20
\BOOKMARK [1][-]{section*.54}{Tipo de investigaci\363n}{chapter.3}% 21
\BOOKMARK [1][-]{section*.55}{Fases de la investigaci\363n}{chapter.3}% 22
